[2016-12-30 15:47:14] local.ERROR: exception 'Symfony\Component\Debug\Exception\FatalErrorException' with message 'syntax error, unexpected ')', expecting ']'' in /opt/lampp/htdocs/LaravelPractice/routes/web.php:32
Stack trace:
#0 {main}  
[2016-12-30 16:23:36] local.ERROR: exception 'ReflectionException' with message 'Class App\Http\Controllers\MyController does not exist' in /opt/lampp/htdocs/LaravelPractice/vendor/laravel/framework/src/Illuminate/Container/Container.php:749
Stack trace:
#0 /opt/lampp/htdocs/LaravelPractice/vendor/laravel/framework/src/Illuminate/Container/Container.php(749): ReflectionClass->__construct('App\\Http\\Contro...')
#1 /opt/lampp/htdocs/LaravelPractice/vendor/laravel/framework/src/Illuminate/Container/Container.php(644): Illuminate\Container\Container->build('App\\Http\\Contro...', Array)
#2 /opt/lampp/htdocs/LaravelPractice/vendor/laravel/framework/src/Illuminate/Foundation/Application.php(709): Illuminate\Container\Container->make('App\\Http\\Contro...', Array)
#3 /opt/lampp/htdocs/LaravelPractice/vendor/laravel/framework/src/Illuminate/Routing/Route.php(203): Illuminate\Foundation\Application->make('App\\Http\\Contro...')
#4 /opt/lampp/htdocs/LaravelPractice/vendor/laravel/framework/src/Illuminate/Routing/Route.php(316): Illuminate\Routing\Route->getController()
#5 /opt/lampp/htdocs/LaravelPractice/vendor/laravel/framework/src/Illuminate/Routing/Route.php(278): Illuminate\Routing\Route->controllerMiddleware()
#6 /opt/lampp/htdocs/LaravelPractice/vendor/laravel/framework/src/Illuminate/Routing/Router.php(666): Illuminate\Routing\Route->gatherMiddleware()
#7 /opt/lampp/htdocs/LaravelPractice/vendor/laravel/framework/src/Illuminate/Routing/Router.php(646): Illuminate\Routing\Router->gatherRouteMiddleware(Object(Illuminate\Routing\Route))
#8 /opt/lampp/htdocs/LaravelPractice/vendor/laravel/framework/src/Illuminate/Routing/Router.php(629): Illuminate\Routing\Router->runRouteWithinStack(Object(Illuminate\Routing\Route), Object(Illuminate\Http\Request))
#9 /opt/lampp/htdocs/LaravelPractice/vendor/laravel/framework/src/Illuminate/Routing/Router.php(607): Illuminate\Routing\Router->dispatchToRoute(Object(Illuminate\Http\Request))
#10 /opt/lampp/htdocs/LaravelPractice/vendor/laravel/framework/src/Illuminate/Foundation/Http/Kernel.php(268): Illuminate\Routing\Router->dispatch(Object(Illuminate\Http\Request))
#11 /opt/lampp/htdocs/LaravelPractice/vendor/laravel/framework/src/Illuminate/Routing/Pipeline.php(53): Illuminate\Foundation\Http\Kernel->Illuminate\Foundation\Http\{closure}(Object(Illuminate\Http\Request))
#12 /opt/lampp/htdocs/LaravelPractice/vendor/laravel/framework/src/Illuminate/Foundation/Http/Middleware/CheckForMaintenanceMode.php(46): Illuminate\Routing\Pipeline->Illuminate\Routing\{closure}(Object(Illuminate\Http\Request))
#13 /opt/lampp/htdocs/LaravelPractice/vendor/laravel/framework/src/Illuminate/Pipeline/Pipeline.php(137): Illuminate\Foundation\Http\Middleware\CheckForMaintenanceMode->handle(Object(Illuminate\Http\Request), Object(Closure))
#14 /opt/lampp/htdocs/LaravelPractice/vendor/laravel/framework/src/Illuminate/Routing/Pipeline.php(33): Illuminate\Pipeline\Pipeline->Illuminate\Pipeline\{closure}(Object(Illuminate\Http\Request))
#15 /opt/lampp/htdocs/LaravelPractice/vendor/laravel/framework/src/Illuminate/Pipeline/Pipeline.php(104): Illuminate\Routing\Pipeline->Illuminate\Routing\{closure}(Object(Illuminate\Http\Request))
#16 /opt/lampp/htdocs/LaravelPractice/vendor/laravel/framework/src/Illuminate/Foundation/Http/Kernel.php(150): Illuminate\Pipeline\Pipeline->then(Object(Closure))
#17 /opt/lampp/htdocs/LaravelPractice/vendor/laravel/framework/src/Illuminate/Foundation/Http/Kernel.php(117): Illuminate\Foundation\Http\Kernel->sendRequestThroughRouter(Object(Illuminate\Http\Request))
#18 /opt/lampp/htdocs/LaravelPractice/public/index.php(54): Illuminate\Foundation\Http\Kernel->handle(Object(Illuminate\Http\Request))
#19 {main}  
[2016-12-30 16:23:36] local.ERROR: exception 'ReflectionException' with message 'Class App\Http\Controllers\MyController does not exist' in /opt/lampp/htdocs/LaravelPractice/vendor/laravel/framework/src/Illuminate/Container/Container.php:749
Stack trace:
#0 /opt/lampp/htdocs/LaravelPractice/vendor/laravel/framework/src/Illuminate/Container/Container.php(749): ReflectionClass->__construct('App\\Http\\Contro...')
#1 /opt/lampp/htdocs/LaravelPractice/vendor/laravel/framework/src/Illuminate/Container/Container.php(644): Illuminate\Container\Container->build('App\\Http\\Contro...', Array)
#2 /opt/lampp/htdocs/LaravelPractice/vendor/laravel/framework/src/Illuminate/Foundation/Application.php(709): Illuminate\Container\Container->make('App\\Http\\Contro...', Array)
#3 /opt/lampp/htdocs/LaravelPractice/vendor/laravel/framework/src/Illuminate/Routing/Route.php(203): Illuminate\Foundation\Application->make('App\\Http\\Contro...')
#4 /opt/lampp/htdocs/LaravelPractice/vendor/laravel/framework/src/Illuminate/Routing/Route.php(316): Illuminate\Routing\Route->getController()
#5 /opt/lampp/htdocs/LaravelPractice/vendor/laravel/framework/src/Illuminate/Routing/Route.php(278): Illuminate\Routing\Route->controllerMiddleware()
#6 /opt/lampp/htdocs/LaravelPractice/vendor/laravel/framework/src/Illuminate/Routing/Router.php(666): Illuminate\Routing\Route->gatherMiddleware()
#7 /opt/lampp/htdocs/LaravelPractice/vendor/laravel/framework/src/Illuminate/Foundation/Http/Kernel.php(193): Illuminate\Routing\Router->gatherRouteMiddleware(Object(Illuminate\Routing\Route))
#8 /opt/lampp/htdocs/LaravelPractice/vendor/laravel/framework/src/Illuminate/Foundation/Http/Kernel.php(163): Illuminate\Foundation\Http\Kernel->gatherRouteMiddleware(Object(Illuminate\Http\Request))
#9 /opt/lampp/htdocs/LaravelPractice/public/index.php(58): Illuminate\Foundation\Http\Kernel->terminate(Object(Illuminate\Http\Request), Object(Illuminate\Http\Response))
#10 {main}  
[2016-12-30 16:43:15] local.ERROR: exception 'ReflectionException' with message 'Class App\Http\Controllers\MyController/ does not exist' in /opt/lampp/htdocs/LaravelPractice/vendor/laravel/framework/src/Illuminate/Container/Container.php:749
Stack trace:
#0 /opt/lampp/htdocs/LaravelPractice/vendor/laravel/framework/src/Illuminate/Container/Container.php(749): ReflectionClass->__construct('App\\Http\\Contro...')
#1 /opt/lampp/htdocs/LaravelPractice/vendor/laravel/framework/src/Illuminate/Container/Container.php(644): Illuminate\Container\Container->build('App\\Http\\Contro...', Array)
#2 /opt/lampp/htdocs/LaravelPractice/vendor/laravel/framework/src/Illuminate/Foundation/Application.php(709): Illuminate\Container\Container->make('App\\Http\\Contro...', Array)
#3 /opt/lampp/htdocs/LaravelPractice/vendor/laravel/framework/src/Illuminate/Routing/Route.php(203): Illuminate\Foundation\Application->make('App\\Http\\Contro...')
#4 /opt/lampp/htdocs/LaravelPractice/vendor/laravel/framework/src/Illuminate/Routing/Route.php(316): Illuminate\Routing\Route->getController()
#5 /opt/lampp/htdocs/LaravelPractice/vendor/laravel/framework/src/Illuminate/Routing/Route.php(278): Illuminate\Routing\Route->controllerMiddleware()
#6 /opt/lampp/htdocs/LaravelPractice/vendor/laravel/framework/src/Illuminate/Routing/Router.php(666): Illuminate\Routing\Route->gatherMiddleware()
#7 /opt/lampp/htdocs/LaravelPractice/vendor/laravel/framework/src/Illuminate/Routing/Router.php(646): Illuminate\Routing\Router->gatherRouteMiddleware(Object(Illuminate\Routing\Route))
#8 /opt/lampp/htdocs/LaravelPractice/vendor/laravel/framework/src/Illuminate/Routing/Router.php(629): Illuminate\Routing\Router->runRouteWithinStack(Object(Illuminate\Routing\Route), Object(Illuminate\Http\Request))
#9 /opt/lampp/htdocs/LaravelPractice/vendor/laravel/framework/src/Illuminate/Routing/Router.php(607): Illuminate\Routing\Router->dispatchToRoute(Object(Illuminate\Http\Request))
#10 /opt/lampp/htdocs/LaravelPractice/vendor/laravel/framework/src/Illuminate/Foundation/Http/Kernel.php(268): Illuminate\Routing\Router->dispatch(Object(Illuminate\Http\Request))
#11 /opt/lampp/htdocs/LaravelPractice/vendor/laravel/framework/src/Illuminate/Routing/Pipeline.php(53): Illuminate\Foundation\Http\Kernel->Illuminate\Foundation\Http\{closure}(Object(Illuminate\Http\Request))
#12 /opt/lampp/htdocs/LaravelPractice/vendor/laravel/framework/src/Illuminate/Foundation/Http/Middleware/CheckForMaintenanceMode.php(46): Illuminate\Routing\Pipeline->Illuminate\Routing\{closure}(Object(Illuminate\Http\Request))
#13 /opt/lampp/htdocs/LaravelPractice/vendor/laravel/framework/src/Illuminate/Pipeline/Pipeline.php(137): Illuminate\Foundation\Http\Middleware\CheckForMaintenanceMode->handle(Object(Illuminate\Http\Request), Object(Closure))
#14 /opt/lampp/htdocs/LaravelPractice/vendor/laravel/framework/src/Illuminate/Routing/Pipeline.php(33): Illuminate\Pipeline\Pipeline->Illuminate\Pipeline\{closure}(Object(Illuminate\Http\Request))
#15 /opt/lampp/htdocs/LaravelPractice/vendor/laravel/framework/src/Illuminate/Pipeline/Pipeline.php(104): Illuminate\Routing\Pipeline->Illuminate\Routing\{closure}(Object(Illuminate\Http\Request))
#16 /opt/lampp/htdocs/LaravelPractice/vendor/laravel/framework/src/Illuminate/Foundation/Http/Kernel.php(150): Illuminate\Pipeline\Pipeline->then(Object(Closure))
#17 /opt/lampp/htdocs/LaravelPractice/vendor/laravel/framework/src/Illuminate/Foundation/Http/Kernel.php(117): Illuminate\Foundation\Http\Kernel->sendRequestThroughRouter(Object(Illuminate\Http\Request))
#18 /opt/lampp/htdocs/LaravelPractice/public/index.php(54): Illuminate\Foundation\Http\Kernel->handle(Object(Illuminate\Http\Request))
#19 {main}  
[2016-12-30 16:43:15] local.ERROR: exception 'ReflectionException' with message 'Class App\Http\Controllers\MyController/ does not exist' in /opt/lampp/htdocs/LaravelPractice/vendor/laravel/framework/src/Illuminate/Container/Container.php:749
Stack trace:
#0 /opt/lampp/htdocs/LaravelPractice/vendor/laravel/framework/src/Illuminate/Container/Container.php(749): ReflectionClass->__construct('App\\Http\\Contro...')
#1 /opt/lampp/htdocs/LaravelPractice/vendor/laravel/framework/src/Illuminate/Container/Container.php(644): Illuminate\Container\Container->build('App\\Http\\Contro...', Array)
#2 /opt/lampp/htdocs/LaravelPractice/vendor/laravel/framework/src/Illuminate/Foundation/Application.php(709): Illuminate\Container\Container->make('App\\Http\\Contro...', Array)
#3 /opt/lampp/htdocs/LaravelPractice/vendor/laravel/framework/src/Illuminate/Routing/Route.php(203): Illuminate\Foundation\Application->make('App\\Http\\Contro...')
#4 /opt/lampp/htdocs/LaravelPractice/vendor/laravel/framework/src/Illuminate/Routing/Route.php(316): Illuminate\Routing\Route->getController()
#5 /opt/lampp/htdocs/LaravelPractice/vendor/laravel/framework/src/Illuminate/Routing/Route.php(278): Illuminate\Routing\Route->controllerMiddleware()
#6 /opt/lampp/htdocs/LaravelPractice/vendor/laravel/framework/src/Illuminate/Routing/Router.php(666): Illuminate\Routing\Route->gatherMiddleware()
#7 /opt/lampp/htdocs/LaravelPractice/vendor/laravel/framework/src/Illuminate/Foundation/Http/Kernel.php(193): Illuminate\Routing\Router->gatherRouteMiddleware(Object(Illuminate\Routing\Route))
#8 /opt/lampp/htdocs/LaravelPractice/vendor/laravel/framework/src/Illuminate/Foundation/Http/Kernel.php(163): Illuminate\Foundation\Http\Kernel->gatherRouteMiddleware(Object(Illuminate\Http\Request))
#9 /opt/lampp/htdocs/LaravelPractice/public/index.php(58): Illuminate\Foundation\Http\Kernel->terminate(Object(Illuminate\Http\Request), Object(Illuminate\Http\Response))
#10 {main}  
[2016-12-30 16:44:05] local.ERROR: exception 'ReflectionException' with message 'Class App\Http\Controllers\MyController/ does not exist' in /opt/lampp/htdocs/LaravelPractice/vendor/laravel/framework/src/Illuminate/Container/Container.php:749
Stack trace:
#0 /opt/lampp/htdocs/LaravelPractice/vendor/laravel/framework/src/Illuminate/Container/Container.php(749): ReflectionClass->__construct('App\\Http\\Contro...')
#1 /opt/lampp/htdocs/LaravelPractice/vendor/laravel/framework/src/Illuminate/Container/Container.php(644): Illuminate\Container\Container->build('App\\Http\\Contro...', Array)
#2 /opt/lampp/htdocs/LaravelPractice/vendor/laravel/framework/src/Illuminate/Foundation/Application.php(709): Illuminate\Container\Container->make('App\\Http\\Contro...', Array)
#3 /opt/lampp/htdocs/LaravelPractice/vendor/laravel/framework/src/Illuminate/Routing/Route.php(203): Illuminate\Foundation\Application->make('App\\Http\\Contro...')
#4 /opt/lampp/htdocs/LaravelPractice/vendor/laravel/framework/src/Illuminate/Routing/Route.php(316): Illuminate\Routing\Route->getController()
#5 /opt/lampp/htdocs/LaravelPractice/vendor/laravel/framework/src/Illuminate/Routing/Route.php(278): Illuminate\Routing\Route->controllerMiddleware()
#6 /opt/lampp/htdocs/LaravelPractice/vendor/laravel/framework/src/Illuminate/Routing/Router.php(666): Illuminate\Routing\Route->gatherMiddleware()
#7 /opt/lampp/htdocs/LaravelPractice/vendor/laravel/framework/src/Illuminate/Routing/Router.php(646): Illuminate\Routing\Router->gatherRouteMiddleware(Object(Illuminate\Routing\Route))
#8 /opt/lampp/htdocs/LaravelPractice/vendor/laravel/framework/src/Illuminate/Routing/Router.php(629): Illuminate\Routing\Router->runRouteWithinStack(Object(Illuminate\Routing\Route), Object(Illuminate\Http\Request))
#9 /opt/lampp/htdocs/LaravelPractice/vendor/laravel/framework/src/Illuminate/Routing/Router.php(607): Illuminate\Routing\Router->dispatchToRoute(Object(Illuminate\Http\Request))
#10 /opt/lampp/htdocs/LaravelPractice/vendor/laravel/framework/src/Illuminate/Foundation/Http/Kernel.php(268): Illuminate\Routing\Router->dispatch(Object(Illuminate\Http\Request))
#11 /opt/lampp/htdocs/LaravelPractice/vendor/laravel/framework/src/Illuminate/Routing/Pipeline.php(53): Illuminate\Foundation\Http\Kernel->Illuminate\Foundation\Http\{closure}(Object(Illuminate\Http\Request))
#12 /opt/lampp/htdocs/LaravelPractice/vendor/laravel/framework/src/Illuminate/Foundation/Http/Middleware/CheckForMaintenanceMode.php(46): Illuminate\Routing\Pipeline->Illuminate\Routing\{closure}(Object(Illuminate\Http\Request))
#13 /opt/lampp/htdocs/LaravelPractice/vendor/laravel/framework/src/Illuminate/Pipeline/Pipeline.php(137): Illuminate\Foundation\Http\Middleware\CheckForMaintenanceMode->handle(Object(Illuminate\Http\Request), Object(Closure))
#14 /opt/lampp/htdocs/LaravelPractice/vendor/laravel/framework/src/Illuminate/Routing/Pipeline.php(33): Illuminate\Pipeline\Pipeline->Illuminate\Pipeline\{closure}(Object(Illuminate\Http\Request))
#15 /opt/lampp/htdocs/LaravelPractice/vendor/laravel/framework/src/Illuminate/Pipeline/Pipeline.php(104): Illuminate\Routing\Pipeline->Illuminate\Routing\{closure}(Object(Illuminate\Http\Request))
#16 /opt/lampp/htdocs/LaravelPractice/vendor/laravel/framework/src/Illuminate/Foundation/Http/Kernel.php(150): Illuminate\Pipeline\Pipeline->then(Object(Closure))
#17 /opt/lampp/htdocs/LaravelPractice/vendor/laravel/framework/src/Illuminate/Foundation/Http/Kernel.php(117): Illuminate\Foundation\Http\Kernel->sendRequestThroughRouter(Object(Illuminate\Http\Request))
#18 /opt/lampp/htdocs/LaravelPractice/public/index.php(54): Illuminate\Foundation\Http\Kernel->handle(Object(Illuminate\Http\Request))
#19 {main}  
[2016-12-30 16:44:05] local.ERROR: exception 'ReflectionException' with message 'Class App\Http\Controllers\MyController/ does not exist' in /opt/lampp/htdocs/LaravelPractice/vendor/laravel/framework/src/Illuminate/Container/Container.php:749
Stack trace:
#0 /opt/lampp/htdocs/LaravelPractice/vendor/laravel/framework/src/Illuminate/Container/Container.php(749): ReflectionClass->__construct('App\\Http\\Contro...')
#1 /opt/lampp/htdocs/LaravelPractice/vendor/laravel/framework/src/Illuminate/Container/Container.php(644): Illuminate\Container\Container->build('App\\Http\\Contro...', Array)
#2 /opt/lampp/htdocs/LaravelPractice/vendor/laravel/framework/src/Illuminate/Foundation/Application.php(709): Illuminate\Container\Container->make('App\\Http\\Contro...', Array)
#3 /opt/lampp/htdocs/LaravelPractice/vendor/laravel/framework/src/Illuminate/Routing/Route.php(203): Illuminate\Foundation\Application->make('App\\Http\\Contro...')
#4 /opt/lampp/htdocs/LaravelPractice/vendor/laravel/framework/src/Illuminate/Routing/Route.php(316): Illuminate\Routing\Route->getController()
#5 /opt/lampp/htdocs/LaravelPractice/vendor/laravel/framework/src/Illuminate/Routing/Route.php(278): Illuminate\Routing\Route->controllerMiddleware()
#6 /opt/lampp/htdocs/LaravelPractice/vendor/laravel/framework/src/Illuminate/Routing/Router.php(666): Illuminate\Routing\Route->gatherMiddleware()
#7 /opt/lampp/htdocs/LaravelPractice/vendor/laravel/framework/src/Illuminate/Foundation/Http/Kernel.php(193): Illuminate\Routing\Router->gatherRouteMiddleware(Object(Illuminate\Routing\Route))
#8 /opt/lampp/htdocs/LaravelPractice/vendor/laravel/framework/src/Illuminate/Foundation/Http/Kernel.php(163): Illuminate\Foundation\Http\Kernel->gatherRouteMiddleware(Object(Illuminate\Http\Request))
#9 /opt/lampp/htdocs/LaravelPractice/public/index.php(58): Illuminate\Foundation\Http\Kernel->terminate(Object(Illuminate\Http\Request), Object(Illuminate\Http\Response))
#10 {main}  
[2016-12-30 16:45:24] local.ERROR: exception 'ReflectionException' with message 'Class App\Http\Controllers\MyController/ does not exist' in /opt/lampp/htdocs/LaravelPractice/vendor/laravel/framework/src/Illuminate/Container/Container.php:749
Stack trace:
#0 /opt/lampp/htdocs/LaravelPractice/vendor/laravel/framework/src/Illuminate/Container/Container.php(749): ReflectionClass->__construct('App\\Http\\Contro...')
#1 /opt/lampp/htdocs/LaravelPractice/vendor/laravel/framework/src/Illuminate/Container/Container.php(644): Illuminate\Container\Container->build('App\\Http\\Contro...', Array)
#2 /opt/lampp/htdocs/LaravelPractice/vendor/laravel/framework/src/Illuminate/Foundation/Application.php(709): Illuminate\Container\Container->make('App\\Http\\Contro...', Array)
#3 /opt/lampp/htdocs/LaravelPractice/vendor/laravel/framework/src/Illuminate/Routing/Route.php(203): Illuminate\Foundation\Application->make('App\\Http\\Contro...')
#4 /opt/lampp/htdocs/LaravelPractice/vendor/laravel/framework/src/Illuminate/Routing/Route.php(316): Illuminate\Routing\Route->getController()
#5 /opt/lampp/htdocs/LaravelPractice/vendor/laravel/framework/src/Illuminate/Routing/Route.php(278): Illuminate\Routing\Route->controllerMiddleware()
#6 /opt/lampp/htdocs/LaravelPractice/vendor/laravel/framework/src/Illuminate/Routing/Router.php(666): Illuminate\Routing\Route->gatherMiddleware()
#7 /opt/lampp/htdocs/LaravelPractice/vendor/laravel/framework/src/Illuminate/Routing/Router.php(646): Illuminate\Routing\Router->gatherRouteMiddleware(Object(Illuminate\Routing\Route))
#8 /opt/lampp/htdocs/LaravelPractice/vendor/laravel/framework/src/Illuminate/Routing/Router.php(629): Illuminate\Routing\Router->runRouteWithinStack(Object(Illuminate\Routing\Route), Object(Illuminate\Http\Request))
#9 /opt/lampp/htdocs/LaravelPractice/vendor/laravel/framework/src/Illuminate/Routing/Router.php(607): Illuminate\Routing\Router->dispatchToRoute(Object(Illuminate\Http\Request))
#10 /opt/lampp/htdocs/LaravelPractice/vendor/laravel/framework/src/Illuminate/Foundation/Http/Kernel.php(268): Illuminate\Routing\Router->dispatch(Object(Illuminate\Http\Request))
#11 /opt/lampp/htdocs/LaravelPractice/vendor/laravel/framework/src/Illuminate/Routing/Pipeline.php(53): Illuminate\Foundation\Http\Kernel->Illuminate\Foundation\Http\{closure}(Object(Illuminate\Http\Request))
#12 /opt/lampp/htdocs/LaravelPractice/vendor/laravel/framework/src/Illuminate/Foundation/Http/Middleware/CheckForMaintenanceMode.php(46): Illuminate\Routing\Pipeline->Illuminate\Routing\{closure}(Object(Illuminate\Http\Request))
#13 /opt/lampp/htdocs/LaravelPractice/vendor/laravel/framework/src/Illuminate/Pipeline/Pipeline.php(137): Illuminate\Foundation\Http\Middleware\CheckForMaintenanceMode->handle(Object(Illuminate\Http\Request), Object(Closure))
#14 /opt/lampp/htdocs/LaravelPractice/vendor/laravel/framework/src/Illuminate/Routing/Pipeline.php(33): Illuminate\Pipeline\Pipeline->Illuminate\Pipeline\{closure}(Object(Illuminate\Http\Request))
#15 /opt/lampp/htdocs/LaravelPractice/vendor/laravel/framework/src/Illuminate/Pipeline/Pipeline.php(104): Illuminate\Routing\Pipeline->Illuminate\Routing\{closure}(Object(Illuminate\Http\Request))
#16 /opt/lampp/htdocs/LaravelPractice/vendor/laravel/framework/src/Illuminate/Foundation/Http/Kernel.php(150): Illuminate\Pipeline\Pipeline->then(Object(Closure))
#17 /opt/lampp/htdocs/LaravelPractice/vendor/laravel/framework/src/Illuminate/Foundation/Http/Kernel.php(117): Illuminate\Foundation\Http\Kernel->sendRequestThroughRouter(Object(Illuminate\Http\Request))
#18 /opt/lampp/htdocs/LaravelPractice/public/index.php(54): Illuminate\Foundation\Http\Kernel->handle(Object(Illuminate\Http\Request))
#19 {main}  
[2016-12-30 16:45:24] local.ERROR: exception 'ReflectionException' with message 'Class App\Http\Controllers\MyController/ does not exist' in /opt/lampp/htdocs/LaravelPractice/vendor/laravel/framework/src/Illuminate/Container/Container.php:749
Stack trace:
#0 /opt/lampp/htdocs/LaravelPractice/vendor/laravel/framework/src/Illuminate/Container/Container.php(749): ReflectionClass->__construct('App\\Http\\Contro...')
#1 /opt/lampp/htdocs/LaravelPractice/vendor/laravel/framework/src/Illuminate/Container/Container.php(644): Illuminate\Container\Container->build('App\\Http\\Contro...', Array)
#2 /opt/lampp/htdocs/LaravelPractice/vendor/laravel/framework/src/Illuminate/Foundation/Application.php(709): Illuminate\Container\Container->make('App\\Http\\Contro...', Array)
#3 /opt/lampp/htdocs/LaravelPractice/vendor/laravel/framework/src/Illuminate/Routing/Route.php(203): Illuminate\Foundation\Application->make('App\\Http\\Contro...')
#4 /opt/lampp/htdocs/LaravelPractice/vendor/laravel/framework/src/Illuminate/Routing/Route.php(316): Illuminate\Routing\Route->getController()
#5 /opt/lampp/htdocs/LaravelPractice/vendor/laravel/framework/src/Illuminate/Routing/Route.php(278): Illuminate\Routing\Route->controllerMiddleware()
#6 /opt/lampp/htdocs/LaravelPractice/vendor/laravel/framework/src/Illuminate/Routing/Router.php(666): Illuminate\Routing\Route->gatherMiddleware()
#7 /opt/lampp/htdocs/LaravelPractice/vendor/laravel/framework/src/Illuminate/Foundation/Http/Kernel.php(193): Illuminate\Routing\Router->gatherRouteMiddleware(Object(Illuminate\Routing\Route))
#8 /opt/lampp/htdocs/LaravelPractice/vendor/laravel/framework/src/Illuminate/Foundation/Http/Kernel.php(163): Illuminate\Foundation\Http\Kernel->gatherRouteMiddleware(Object(Illuminate\Http\Request))
#9 /opt/lampp/htdocs/LaravelPractice/public/index.php(58): Illuminate\Foundation\Http\Kernel->terminate(Object(Illuminate\Http\Request), Object(Illuminate\Http\Response))
#10 {main}  
[2016-12-30 16:45:36] local.ERROR: exception 'Symfony\Component\Debug\Exception\FatalErrorException' with message 'syntax error, unexpected '$request' (T_VARIABLE), expecting ',' or ';'' in /opt/lampp/htdocs/LaravelPractice/app/Http/Controllers/MyController.php:21
Stack trace:
#0 {main}  
[2016-12-30 16:46:36] local.ERROR: exception 'ReflectionException' with message 'Class App\Http\Controllers\MyController/ does not exist' in /opt/lampp/htdocs/LaravelPractice/vendor/laravel/framework/src/Illuminate/Container/Container.php:749
Stack trace:
#0 /opt/lampp/htdocs/LaravelPractice/vendor/laravel/framework/src/Illuminate/Container/Container.php(749): ReflectionClass->__construct('App\\Http\\Contro...')
#1 /opt/lampp/htdocs/LaravelPractice/vendor/laravel/framework/src/Illuminate/Container/Container.php(644): Illuminate\Container\Container->build('App\\Http\\Contro...', Array)
#2 /opt/lampp/htdocs/LaravelPractice/vendor/laravel/framework/src/Illuminate/Foundation/Application.php(709): Illuminate\Container\Container->make('App\\Http\\Contro...', Array)
#3 /opt/lampp/htdocs/LaravelPractice/vendor/laravel/framework/src/Illuminate/Routing/Route.php(203): Illuminate\Foundation\Application->make('App\\Http\\Contro...')
#4 /opt/lampp/htdocs/LaravelPractice/vendor/laravel/framework/src/Illuminate/Routing/Route.php(316): Illuminate\Routing\Route->getController()
#5 /opt/lampp/htdocs/LaravelPractice/vendor/laravel/framework/src/Illuminate/Routing/Route.php(278): Illuminate\Routing\Route->controllerMiddleware()
#6 /opt/lampp/htdocs/LaravelPractice/vendor/laravel/framework/src/Illuminate/Routing/Router.php(666): Illuminate\Routing\Route->gatherMiddleware()
#7 /opt/lampp/htdocs/LaravelPractice/vendor/laravel/framework/src/Illuminate/Routing/Router.php(646): Illuminate\Routing\Router->gatherRouteMiddleware(Object(Illuminate\Routing\Route))
#8 /opt/lampp/htdocs/LaravelPractice/vendor/laravel/framework/src/Illuminate/Routing/Router.php(629): Illuminate\Routing\Router->runRouteWithinStack(Object(Illuminate\Routing\Route), Object(Illuminate\Http\Request))
#9 /opt/lampp/htdocs/LaravelPractice/vendor/laravel/framework/src/Illuminate/Routing/Router.php(607): Illuminate\Routing\Router->dispatchToRoute(Object(Illuminate\Http\Request))
#10 /opt/lampp/htdocs/LaravelPractice/vendor/laravel/framework/src/Illuminate/Foundation/Http/Kernel.php(268): Illuminate\Routing\Router->dispatch(Object(Illuminate\Http\Request))
#11 /opt/lampp/htdocs/LaravelPractice/vendor/laravel/framework/src/Illuminate/Routing/Pipeline.php(53): Illuminate\Foundation\Http\Kernel->Illuminate\Foundation\Http\{closure}(Object(Illuminate\Http\Request))
#12 /opt/lampp/htdocs/LaravelPractice/vendor/laravel/framework/src/Illuminate/Foundation/Http/Middleware/CheckForMaintenanceMode.php(46): Illuminate\Routing\Pipeline->Illuminate\Routing\{closure}(Object(Illuminate\Http\Request))
#13 /opt/lampp/htdocs/LaravelPractice/vendor/laravel/framework/src/Illuminate/Pipeline/Pipeline.php(137): Illuminate\Foundation\Http\Middleware\CheckForMaintenanceMode->handle(Object(Illuminate\Http\Request), Object(Closure))
#14 /opt/lampp/htdocs/LaravelPractice/vendor/laravel/framework/src/Illuminate/Routing/Pipeline.php(33): Illuminate\Pipeline\Pipeline->Illuminate\Pipeline\{closure}(Object(Illuminate\Http\Request))
#15 /opt/lampp/htdocs/LaravelPractice/vendor/laravel/framework/src/Illuminate/Pipeline/Pipeline.php(104): Illuminate\Routing\Pipeline->Illuminate\Routing\{closure}(Object(Illuminate\Http\Request))
#16 /opt/lampp/htdocs/LaravelPractice/vendor/laravel/framework/src/Illuminate/Foundation/Http/Kernel.php(150): Illuminate\Pipeline\Pipeline->then(Object(Closure))
#17 /opt/lampp/htdocs/LaravelPractice/vendor/laravel/framework/src/Illuminate/Foundation/Http/Kernel.php(117): Illuminate\Foundation\Http\Kernel->sendRequestThroughRouter(Object(Illuminate\Http\Request))
#18 /opt/lampp/htdocs/LaravelPractice/public/index.php(54): Illuminate\Foundation\Http\Kernel->handle(Object(Illuminate\Http\Request))
#19 {main}  
[2016-12-30 16:46:36] local.ERROR: exception 'ReflectionException' with message 'Class App\Http\Controllers\MyController/ does not exist' in /opt/lampp/htdocs/LaravelPractice/vendor/laravel/framework/src/Illuminate/Container/Container.php:749
Stack trace:
#0 /opt/lampp/htdocs/LaravelPractice/vendor/laravel/framework/src/Illuminate/Container/Container.php(749): ReflectionClass->__construct('App\\Http\\Contro...')
#1 /opt/lampp/htdocs/LaravelPractice/vendor/laravel/framework/src/Illuminate/Container/Container.php(644): Illuminate\Container\Container->build('App\\Http\\Contro...', Array)
#2 /opt/lampp/htdocs/LaravelPractice/vendor/laravel/framework/src/Illuminate/Foundation/Application.php(709): Illuminate\Container\Container->make('App\\Http\\Contro...', Array)
#3 /opt/lampp/htdocs/LaravelPractice/vendor/laravel/framework/src/Illuminate/Routing/Route.php(203): Illuminate\Foundation\Application->make('App\\Http\\Contro...')
#4 /opt/lampp/htdocs/LaravelPractice/vendor/laravel/framework/src/Illuminate/Routing/Route.php(316): Illuminate\Routing\Route->getController()
#5 /opt/lampp/htdocs/LaravelPractice/vendor/laravel/framework/src/Illuminate/Routing/Route.php(278): Illuminate\Routing\Route->controllerMiddleware()
#6 /opt/lampp/htdocs/LaravelPractice/vendor/laravel/framework/src/Illuminate/Routing/Router.php(666): Illuminate\Routing\Route->gatherMiddleware()
#7 /opt/lampp/htdocs/LaravelPractice/vendor/laravel/framework/src/Illuminate/Foundation/Http/Kernel.php(193): Illuminate\Routing\Router->gatherRouteMiddleware(Object(Illuminate\Routing\Route))
#8 /opt/lampp/htdocs/LaravelPractice/vendor/laravel/framework/src/Illuminate/Foundation/Http/Kernel.php(163): Illuminate\Foundation\Http\Kernel->gatherRouteMiddleware(Object(Illuminate\Http\Request))
#9 /opt/lampp/htdocs/LaravelPractice/public/index.php(58): Illuminate\Foundation\Http\Kernel->terminate(Object(Illuminate\Http\Request), Object(Illuminate\Http\Response))
#10 {main}  
[2016-12-30 17:10:39] local.ERROR: exception 'InvalidArgumentException' with message 'View [myForm] not found.' in /opt/lampp/htdocs/LaravelPractice/vendor/laravel/framework/src/Illuminate/View/FileViewFinder.php:137
Stack trace:
#0 /opt/lampp/htdocs/LaravelPractice/vendor/laravel/framework/src/Illuminate/View/FileViewFinder.php(79): Illuminate\View\FileViewFinder->findInPaths('myForm', Array)
#1 /opt/lampp/htdocs/LaravelPractice/vendor/laravel/framework/src/Illuminate/View/Factory.php(174): Illuminate\View\FileViewFinder->find('myForm')
#2 /opt/lampp/htdocs/LaravelPractice/vendor/laravel/framework/src/Illuminate/Foundation/helpers.php(856): Illuminate\View\Factory->make('myForm', Array, Array)
#3 /opt/lampp/htdocs/LaravelPractice/routes/web.php(67): view('myForm')
#4 /opt/lampp/htdocs/LaravelPractice/vendor/laravel/framework/src/Illuminate/Routing/Route.php(176): App\Providers\RouteServiceProvider->{closure}()
#5 /opt/lampp/htdocs/LaravelPractice/vendor/laravel/framework/src/Illuminate/Routing/Route.php(147): Illuminate\Routing\Route->runCallable()
#6 /opt/lampp/htdocs/LaravelPractice/vendor/laravel/framework/src/Illuminate/Routing/Router.php(653): Illuminate\Routing\Route->run(Object(Illuminate\Http\Request))
#7 /opt/lampp/htdocs/LaravelPractice/vendor/laravel/framework/src/Illuminate/Routing/Pipeline.php(53): Illuminate\Routing\Router->Illuminate\Routing\{closure}(Object(Illuminate\Http\Request))
#8 /opt/lampp/htdocs/LaravelPractice/vendor/laravel/framework/src/Illuminate/Routing/Middleware/SubstituteBindings.php(41): Illuminate\Routing\Pipeline->Illuminate\Routing\{closure}(Object(Illuminate\Http\Request))
#9 /opt/lampp/htdocs/LaravelPractice/vendor/laravel/framework/src/Illuminate/Pipeline/Pipeline.php(137): Illuminate\Routing\Middleware\SubstituteBindings->handle(Object(Illuminate\Http\Request), Object(Closure))
#10 /opt/lampp/htdocs/LaravelPractice/vendor/laravel/framework/src/Illuminate/Routing/Pipeline.php(33): Illuminate\Pipeline\Pipeline->Illuminate\Pipeline\{closure}(Object(Illuminate\Http\Request))
#11 /opt/lampp/htdocs/LaravelPractice/vendor/laravel/framework/src/Illuminate/Foundation/Http/Middleware/VerifyCsrfToken.php(65): Illuminate\Routing\Pipeline->Illuminate\Routing\{closure}(Object(Illuminate\Http\Request))
#12 /opt/lampp/htdocs/LaravelPractice/vendor/laravel/framework/src/Illuminate/Pipeline/Pipeline.php(137): Illuminate\Foundation\Http\Middleware\VerifyCsrfToken->handle(Object(Illuminate\Http\Request), Object(Closure))
#13 /opt/lampp/htdocs/LaravelPractice/vendor/laravel/framework/src/Illuminate/Routing/Pipeline.php(33): Illuminate\Pipeline\Pipeline->Illuminate\Pipeline\{closure}(Object(Illuminate\Http\Request))
#14 /opt/lampp/htdocs/LaravelPractice/vendor/laravel/framework/src/Illuminate/View/Middleware/ShareErrorsFromSession.php(49): Illuminate\Routing\Pipeline->Illuminate\Routing\{closure}(Object(Illuminate\Http\Request))
#15 /opt/lampp/htdocs/LaravelPractice/vendor/laravel/framework/src/Illuminate/Pipeline/Pipeline.php(137): Illuminate\View\Middleware\ShareErrorsFromSession->handle(Object(Illuminate\Http\Request), Object(Closure))
#16 /opt/lampp/htdocs/LaravelPractice/vendor/laravel/framework/src/Illuminate/Routing/Pipeline.php(33): Illuminate\Pipeline\Pipeline->Illuminate\Pipeline\{closure}(Object(Illuminate\Http\Request))
#17 /opt/lampp/htdocs/LaravelPractice/vendor/laravel/framework/src/Illuminate/Session/Middleware/StartSession.php(64): Illuminate\Routing\Pipeline->Illuminate\Routing\{closure}(Object(Illuminate\Http\Request))
#18 /opt/lampp/htdocs/LaravelPractice/vendor/laravel/framework/src/Illuminate/Pipeline/Pipeline.php(137): Illuminate\Session\Middleware\StartSession->handle(Object(Illuminate\Http\Request), Object(Closure))
#19 /opt/lampp/htdocs/LaravelPractice/vendor/laravel/framework/src/Illuminate/Routing/Pipeline.php(33): Illuminate\Pipeline\Pipeline->Illuminate\Pipeline\{closure}(Object(Illuminate\Http\Request))
#20 /opt/lampp/htdocs/LaravelPractice/vendor/laravel/framework/src/Illuminate/Cookie/Middleware/AddQueuedCookiesToResponse.php(37): Illuminate\Routing\Pipeline->Illuminate\Routing\{closure}(Object(Illuminate\Http\Request))
#21 /opt/lampp/htdocs/LaravelPractice/vendor/laravel/framework/src/Illuminate/Pipeline/Pipeline.php(137): Illuminate\Cookie\Middleware\AddQueuedCookiesToResponse->handle(Object(Illuminate\Http\Request), Object(Closure))
#22 /opt/lampp/htdocs/LaravelPractice/vendor/laravel/framework/src/Illuminate/Routing/Pipeline.php(33): Illuminate\Pipeline\Pipeline->Illuminate\Pipeline\{closure}(Object(Illuminate\Http\Request))
#23 /opt/lampp/htdocs/LaravelPractice/vendor/laravel/framework/src/Illuminate/Cookie/Middleware/EncryptCookies.php(59): Illuminate\Routing\Pipeline->Illuminate\Routing\{closure}(Object(Illuminate\Http\Request))
#24 /opt/lampp/htdocs/LaravelPractice/vendor/laravel/framework/src/Illuminate/Pipeline/Pipeline.php(137): Illuminate\Cookie\Middleware\EncryptCookies->handle(Object(Illuminate\Http\Request), Object(Closure))
#25 /opt/lampp/htdocs/LaravelPractice/vendor/laravel/framework/src/Illuminate/Routing/Pipeline.php(33): Illuminate\Pipeline\Pipeline->Illuminate\Pipeline\{closure}(Object(Illuminate\Http\Request))
#26 /opt/lampp/htdocs/LaravelPractice/vendor/laravel/framework/src/Illuminate/Pipeline/Pipeline.php(104): Illuminate\Routing\Pipeline->Illuminate\Routing\{closure}(Object(Illuminate\Http\Request))
#27 /opt/lampp/htdocs/LaravelPractice/vendor/laravel/framework/src/Illuminate/Routing/Router.php(655): Illuminate\Pipeline\Pipeline->then(Object(Closure))
#28 /opt/lampp/htdocs/LaravelPractice/vendor/laravel/framework/src/Illuminate/Routing/Router.php(629): Illuminate\Routing\Router->runRouteWithinStack(Object(Illuminate\Routing\Route), Object(Illuminate\Http\Request))
#29 /opt/lampp/htdocs/LaravelPractice/vendor/laravel/framework/src/Illuminate/Routing/Router.php(607): Illuminate\Routing\Router->dispatchToRoute(Object(Illuminate\Http\Request))
#30 /opt/lampp/htdocs/LaravelPractice/vendor/laravel/framework/src/Illuminate/Foundation/Http/Kernel.php(268): Illuminate\Routing\Router->dispatch(Object(Illuminate\Http\Request))
#31 /opt/lampp/htdocs/LaravelPractice/vendor/laravel/framework/src/Illuminate/Routing/Pipeline.php(53): Illuminate\Foundation\Http\Kernel->Illuminate\Foundation\Http\{closure}(Object(Illuminate\Http\Request))
#32 /opt/lampp/htdocs/LaravelPractice/vendor/laravel/framework/src/Illuminate/Foundation/Http/Middleware/CheckForMaintenanceMode.php(46): Illuminate\Routing\Pipeline->Illuminate\Routing\{closure}(Object(Illuminate\Http\Request))
#33 /opt/lampp/htdocs/LaravelPractice/vendor/laravel/framework/src/Illuminate/Pipeline/Pipeline.php(137): Illuminate\Foundation\Http\Middleware\CheckForMaintenanceMode->handle(Object(Illuminate\Http\Request), Object(Closure))
#34 /opt/lampp/htdocs/LaravelPractice/vendor/laravel/framework/src/Illuminate/Routing/Pipeline.php(33): Illuminate\Pipeline\Pipeline->Illuminate\Pipeline\{closure}(Object(Illuminate\Http\Request))
#35 /opt/lampp/htdocs/LaravelPractice/vendor/laravel/framework/src/Illuminate/Pipeline/Pipeline.php(104): Illuminate\Routing\Pipeline->Illuminate\Routing\{closure}(Object(Illuminate\Http\Request))
#36 /opt/lampp/htdocs/LaravelPractice/vendor/laravel/framework/src/Illuminate/Foundation/Http/Kernel.php(150): Illuminate\Pipeline\Pipeline->then(Object(Closure))
#37 /opt/lampp/htdocs/LaravelPractice/vendor/laravel/framework/src/Illuminate/Foundation/Http/Kernel.php(117): Illuminate\Foundation\Http\Kernel->sendRequestThroughRouter(Object(Illuminate\Http\Request))
#38 /opt/lampp/htdocs/LaravelPractice/public/index.php(54): Illuminate\Foundation\Http\Kernel->handle(Object(Illuminate\Http\Request))
#39 {main}  
